2023-12-14 15:21:29,280 INFO C:\django project nbwi\django_full_stack_nbwi\app\models.py changed, reloading. 266 
2023-12-14 15:21:29,868 INFO Watching for file changes with StatReloader 668 
2023-12-14 15:21:47,175 INFO C:\django project nbwi\django_full_stack_nbwi\app\models.py changed, reloading. 266 
2023-12-14 15:21:47,772 INFO Watching for file changes with StatReloader 668 
2023-12-14 15:22:45,912 INFO C:\django project nbwi\django_full_stack_nbwi\app\models.py changed, reloading. 266 
2023-12-14 15:22:46,533 INFO Watching for file changes with StatReloader 668 
2023-12-14 15:22:54,431 INFO C:\django project nbwi\django_full_stack_nbwi\app\models.py changed, reloading. 266 
2023-12-14 15:22:55,043 INFO Watching for file changes with StatReloader 668 
2023-12-14 15:23:02,334 INFO "GET / HTTP/1.1" 200 24468 212 
2023-12-14 15:23:02,586 INFO - Broken pipe from ('127.0.0.1', 56689) 81 
2023-12-14 15:23:02,606 INFO - Broken pipe from ('127.0.0.1', 56687) 81 
2023-12-14 15:23:02,767 INFO "GET /chartdata/ HTTP/1.1" 200 315 212 
2023-12-14 15:29:24,147 INFO "GET / HTTP/1.1" 200 24468 212 
2023-12-14 15:29:24,213 INFO "GET /static/js/custom.js HTTP/1.1" 200 280 212 
2023-12-14 15:29:24,427 INFO "GET /chartdata/ HTTP/1.1" 200 315 212 
2023-12-14 15:30:41,771 INFO "GET /payment/ HTTP/1.1" 200 25252 212 
2023-12-14 15:30:46,002 INFO "GET /owner/ HTTP/1.1" 200 23673 212 
2023-12-14 15:30:50,239 INFO "GET / HTTP/1.1" 200 24468 212 
2023-12-14 15:30:50,534 INFO "GET /chartdata/ HTTP/1.1" 200 315 212 
2023-12-14 16:16:58,309 INFO C:\django project nbwi\django_full_stack_nbwi\app\models.py changed, reloading. 266 
2023-12-14 16:16:59,358 INFO Watching for file changes with StatReloader 668 
2023-12-15 13:28:31,395 INFO Watching for file changes with StatReloader 668 
2023-12-15 13:28:33,898 INFO "GET / HTTP/1.1" 200 24468 212 
2023-12-15 13:28:34,465 INFO - Broken pipe from ('127.0.0.1', 63600) 81 
2023-12-15 13:28:34,531 INFO - Broken pipe from ('127.0.0.1', 63599) 81 
2023-12-15 13:28:34,597 INFO - Broken pipe from ('127.0.0.1', 63597) 81 
2023-12-15 13:28:34,603 INFO "GET /chartdata/ HTTP/1.1" 200 315 212 
2023-12-15 13:28:34,654 INFO - Broken pipe from ('127.0.0.1', 63594) 81 
2023-12-15 13:28:34,785 INFO - Broken pipe from ('127.0.0.1', 63601) 81 
2023-12-15 13:28:34,823 INFO - Broken pipe from ('127.0.0.1', 63596) 81 
2023-12-15 13:28:35,065 INFO "GET /static/plugins/chart.js/Chart.min.js HTTP/1.1" 200 173084 212 
2023-12-15 13:28:35,081 INFO "GET /static/plugins/jqvmap/jquery.vmap.min.js HTTP/1.1" 200 21159 212 
2023-12-15 13:28:35,099 INFO "GET /static/plugins/datatables-bs4/js/dataTables.bootstrap4.min.js HTTP/1.1" 200 2106 212 
2023-12-15 13:28:35,219 INFO "GET /static/plugins/datatables-responsive/js/dataTables.responsive.min.js HTTP/1.1" 200 14038 212 
2023-12-15 13:28:35,235 INFO "GET /static/plugins/datatables/jquery.dataTables.min.js HTTP/1.1" 200 83770 212 
2023-12-15 13:28:35,239 INFO "GET /static/plugins/sparklines/sparkline.js HTTP/1.1" 200 7219 212 
2023-12-15 13:28:35,245 INFO "GET /static/plugins/datatables-responsive/js/responsive.bootstrap4.min.js HTTP/1.1" 200 1250 212 
2023-12-15 13:28:35,256 INFO "GET /static/plugins/datatables-buttons/js/buttons.bootstrap4.min.js HTTP/1.1" 200 1049 212 
2023-12-15 13:28:35,282 INFO "GET /static/plugins/moment/moment.min.js HTTP/1.1" 200 58863 212 
2023-12-15 13:28:35,285 INFO "GET /static/plugins/daterangepicker/daterangepicker.js HTTP/1.1" 200 67842 212 
2023-12-15 13:28:35,299 INFO "GET /static/plugins/datatables-buttons/js/dataTables.buttons.min.js HTTP/1.1" 200 20355 212 
2023-12-15 13:28:35,302 INFO "GET /static/plugins/jquery-ui/jquery-ui.min.js HTTP/1.1" 200 253681 212 
2023-12-15 13:28:35,330 INFO "GET /static/plugins/inputmask/jquery.inputmask.min.js HTTP/1.1" 200 141755 212 
2023-12-15 13:28:35,332 INFO "GET /static/plugins/tempusdominus-bootstrap-4/js/tempusdominus-bootstrap-4.min.js HTTP/1.1" 200 61593 212 
2023-12-15 13:28:35,349 INFO "GET /static/plugins/summernote/summernote-bs4.min.js HTTP/1.1" 200 151400 212 
2023-12-15 13:28:35,351 INFO "GET /static/plugins/jquery-knob/jquery.knob.min.js HTTP/1.1" 200 10804 212 
2023-12-15 13:28:35,355 INFO "GET /static/plugins/select2/js/select2.full.min.js HTTP/1.1" 200 79173 212 
2023-12-15 13:28:35,357 INFO "GET /static/js/custom.js HTTP/1.1" 200 280 212 
2023-12-15 13:28:35,369 INFO "GET /static/plugins/jqvmap/maps/jquery.vmap.usa.js HTTP/1.1" 200 47714 212 
2023-12-15 13:28:35,378 INFO "GET /static/js/pages/dashboard.js HTTP/1.1" 200 7626 212 
2023-12-15 13:28:35,379 INFO "GET /static/js/demo.js HTTP/1.1" 200 22926 212 
2023-12-15 13:28:35,381 INFO "GET /static/js/adminlte.js HTTP/1.1" 200 102907 212 
2023-12-15 13:28:35,383 INFO "GET /static/plugins/overlayScrollbars/js/jquery.overlayScrollbars.min.js HTTP/1.1" 200 42614 212 
2023-12-15 13:28:41,487 INFO "GET / HTTP/1.1" 302 0 212 
2023-12-15 13:28:41,502 INFO "GET /login/ HTTP/1.1" 200 3512 212 
2023-12-15 13:28:41,549 INFO "GET /static/plugins/fontawesome-free/css/all.min.css HTTP/1.1" 200 59348 212 
2023-12-15 13:28:41,549 INFO "GET /static/plugins/icheck-bootstrap/icheck-bootstrap.min.css HTTP/1.1" 200 12505 212 
2023-12-15 13:28:41,571 INFO "GET /static/css/adminlte.min.css HTTP/1.1" 200 1382986 212 
2023-12-15 13:28:41,587 INFO "GET /static/plugins/bootstrap/js/bootstrap.bundle.min.js HTTP/1.1" 200 84384 212 
2023-12-15 13:28:41,603 INFO "GET /static/plugins/jquery/jquery.min.js HTTP/1.1" 200 89503 212 
2023-12-15 13:28:41,634 WARNING "GET /static/dist/js/adminlte.min.js HTTP/1.1" 404 1828 212 
2023-12-15 13:28:42,004 INFO "GET /static/img/autonomous_logo.png HTTP/1.1" 200 97935 212 
2023-12-15 13:28:42,019 INFO "GET /static/plugins/fontawesome-free/webfonts/fa-solid-900.woff2 HTTP/1.1" 200 78196 212 
2023-12-15 13:28:42,019 WARNING "GET /static/dist/js/adminlte.min.js HTTP/1.1" 404 1828 212 
2023-12-15 13:29:08,427 INFO "POST /login/ HTTP/1.1" 302 0 212 
2023-12-15 13:29:08,434 INFO "GET / HTTP/1.1" 200 24639 212 
2023-12-15 13:29:08,481 INFO "GET /static/plugins/tempusdominus-bootstrap-4/css/tempusdominus-bootstrap-4.min.css HTTP/1.1" 200 11967 212 
2023-12-15 13:29:08,481 INFO "GET /static/plugins/jqvmap/jqvmap.min.css HTTP/1.1" 200 614 212 
2023-12-15 13:29:08,494 INFO "GET /static/plugins/chart.js/Chart.min.js HTTP/1.1" 200 173084 212 
2023-12-15 13:29:08,496 INFO "GET /static/plugins/sparklines/sparkline.js HTTP/1.1" 200 7219 212 
2023-12-15 13:29:08,498 INFO "GET /static/plugins/jqvmap/jquery.vmap.min.js HTTP/1.1" 200 21159 212 
2023-12-15 13:29:08,500 INFO "GET /static/plugins/jquery-knob/jquery.knob.min.js HTTP/1.1" 200 10804 212 
2023-12-15 13:29:08,501 INFO "GET /static/plugins/daterangepicker/daterangepicker.css HTTP/1.1" 200 8069 212 
2023-12-15 13:29:08,503 INFO "GET /static/plugins/jqvmap/maps/jquery.vmap.usa.js HTTP/1.1" 200 47714 212 
2023-12-15 13:29:08,504 INFO "GET /static/plugins/overlayScrollbars/css/OverlayScrollbars.min.css HTTP/1.1" 200 20021 212 
2023-12-15 13:29:08,506 INFO "GET /static/plugins/datatables/jquery.dataTables.min.js HTTP/1.1" 200 83770 212 
2023-12-15 13:29:08,509 INFO "GET /static/plugins/datatables-bs4/js/dataTables.bootstrap4.min.js HTTP/1.1" 200 2106 212 
2023-12-15 13:29:08,510 INFO "GET /static/plugins/datatables-responsive/js/responsive.bootstrap4.min.js HTTP/1.1" 200 1250 212 
2023-12-15 13:29:08,511 INFO "GET /static/plugins/datatables-buttons/js/dataTables.buttons.min.js HTTP/1.1" 200 20355 212 
2023-12-15 13:29:08,513 INFO "GET /static/plugins/datatables-buttons/js/buttons.bootstrap4.min.js HTTP/1.1" 200 1049 212 
2023-12-15 13:29:08,513 INFO "GET /static/plugins/datatables-responsive/js/dataTables.responsive.min.js HTTP/1.1" 200 14038 212 
2023-12-15 13:29:08,516 INFO "GET /static/plugins/moment/moment.min.js HTTP/1.1" 200 58863 212 
2023-12-15 13:29:08,517 INFO "GET /static/plugins/daterangepicker/daterangepicker.js HTTP/1.1" 200 67842 212 
2023-12-15 13:29:08,519 INFO "GET /static/plugins/select2/js/select2.full.min.js HTTP/1.1" 200 79173 212 
2023-12-15 13:29:08,520 INFO "GET /static/plugins/tempusdominus-bootstrap-4/js/tempusdominus-bootstrap-4.min.js HTTP/1.1" 200 61593 212 
2023-12-15 13:29:08,524 INFO "GET /static/plugins/summernote/summernote-bs4.min.js HTTP/1.1" 200 151400 212 
2023-12-15 13:29:08,525 INFO "GET /static/plugins/inputmask/jquery.inputmask.min.js HTTP/1.1" 200 141755 212 
2023-12-15 13:29:08,527 INFO "GET /static/js/demo.js HTTP/1.1" 200 22926 212 
2023-12-15 13:29:08,528 INFO "GET /static/plugins/overlayScrollbars/js/jquery.overlayScrollbars.min.js HTTP/1.1" 200 42614 212 
2023-12-15 13:29:08,527 INFO "GET /static/js/adminlte.js HTTP/1.1" 200 102907 212 
2023-12-15 13:29:08,530 INFO "GET /static/js/pages/dashboard.js HTTP/1.1" 200 7626 212 
2023-12-15 13:29:08,530 INFO "GET /static/js/custom.js HTTP/1.1" 200 280 212 
2023-12-15 13:29:08,532 INFO "GET /static/plugins/summernote/summernote-bs4.min.css HTTP/1.1" 200 19403 212 
2023-12-15 13:29:08,533 INFO "GET /static/plugins/jquery-ui/jquery-ui.min.js HTTP/1.1" 200 253681 212 
2023-12-15 13:29:08,623 INFO "GET /static/chart.js HTTP/1.1" 200 4420 212 
2023-12-15 13:29:10,598 INFO "GET /static/plugins/fontawesome-free/webfonts/fa-regular-400.woff2 HTTP/1.1" 200 13276 212 
2023-12-15 13:29:10,722 INFO "GET /chartdata HTTP/1.1" 301 0 212 
2023-12-15 13:29:10,741 INFO "GET /chartdata/ HTTP/1.1" 200 315 212 
2023-12-15 13:29:24,537 INFO "GET /ledger/report/ HTTP/1.1" 200 23635 212 
2023-12-15 13:29:26,129 INFO "GET /ledger/report/537b1337-0dcb-4fc6-971f-8eeaedfeec00/ HTTP/1.1" 200 24401 212 
2023-12-15 13:29:29,241 INFO "GET /group/ HTTP/1.1" 200 27256 212 
2023-12-15 13:29:32,058 INFO "GET /rates/ HTTP/1.1" 200 27919 212 
2023-12-15 13:29:35,021 INFO "GET /invoice/ HTTP/1.1" 200 57570 212 
2023-12-15 13:29:35,068 INFO "GET /static/js/invoice.js HTTP/1.1" 200 2 212 
2023-12-15 13:29:38,113 INFO "GET /item/ HTTP/1.1" 200 25849 212 
2023-12-15 13:29:44,050 INFO "GET /invoice/ HTTP/1.1" 200 57570 212 
2023-12-15 13:30:11,993 INFO "GET /account/ HTTP/1.1" 200 25188 212 
2023-12-15 13:30:15,146 INFO "GET /account/add/ HTTP/1.1" 200 23029 212 
2023-12-15 13:30:29,049 INFO "POST /account/add/ HTTP/1.1" 302 0 212 
2023-12-15 13:30:29,065 INFO "GET /account/ HTTP/1.1" 200 25668 212 
2023-12-15 13:30:32,130 INFO "GET /invoice/ HTTP/1.1" 200 57707 212 
2023-12-15 13:30:47,947 INFO "POST /invoice/ HTTP/1.1" 302 0 212 
2023-12-15 13:30:47,978 INFO "GET /invoice/ HTTP/1.1" 200 58063 212 
2023-12-15 13:30:51,621 INFO "GET /ledger/report/ HTTP/1.1" 200 23635 212 
2023-12-15 13:30:53,026 INFO "GET /ledger/report/537b1337-0dcb-4fc6-971f-8eeaedfeec00/ HTTP/1.1" 200 25608 212 
2023-12-15 15:08:19,349 INFO "GET / HTTP/1.1" 200 24468 212 
2023-12-15 15:08:19,437 INFO "GET /static/plugins/sparklines/sparkline.js HTTP/1.1" 200 7219 212 
2023-12-15 15:08:19,459 INFO "GET /static/plugins/jqvmap/maps/jquery.vmap.usa.js HTTP/1.1" 200 47714 212 
2023-12-15 15:08:19,462 INFO "GET /static/plugins/bootstrap/js/bootstrap.bundle.min.js HTTP/1.1" 200 84384 212 
2023-12-15 15:08:19,477 INFO "GET /static/plugins/jquery/jquery.min.js HTTP/1.1" 200 89503 212 
2023-12-15 15:08:19,481 INFO "GET /static/plugins/datatables-bs4/js/dataTables.bootstrap4.min.js HTTP/1.1" 200 2106 212 
2023-12-15 15:08:19,498 INFO "GET /static/plugins/jqvmap/jquery.vmap.min.js HTTP/1.1" 200 21159 212 
2023-12-15 15:08:19,508 INFO "GET /static/plugins/chart.js/Chart.min.js HTTP/1.1" 200 173084 212 
2023-12-15 15:08:19,510 INFO "GET /static/plugins/datatables-responsive/js/responsive.bootstrap4.min.js HTTP/1.1" 200 1250 212 
2023-12-15 15:08:19,526 INFO "GET /static/plugins/jquery-knob/jquery.knob.min.js HTTP/1.1" 200 10804 212 
2023-12-15 15:08:19,532 INFO "GET /static/plugins/datatables-buttons/js/buttons.bootstrap4.min.js HTTP/1.1" 200 1049 212 
2023-12-15 15:08:19,543 INFO "GET /static/plugins/datatables-responsive/js/dataTables.responsive.min.js HTTP/1.1" 200 14038 212 
2023-12-15 15:08:19,555 INFO "GET /static/plugins/datatables/jquery.dataTables.min.js HTTP/1.1" 200 83770 212 
2023-12-15 15:08:19,556 INFO "GET /static/plugins/jquery-ui/jquery-ui.min.js HTTP/1.1" 200 253681 212 
2023-12-15 15:08:19,598 INFO "GET /static/plugins/daterangepicker/daterangepicker.js HTTP/1.1" 200 67842 212 
2023-12-15 15:08:19,599 INFO "GET /static/plugins/datatables-buttons/js/dataTables.buttons.min.js HTTP/1.1" 200 20355 212 
2023-12-15 15:08:19,604 INFO "GET /static/plugins/moment/moment.min.js HTTP/1.1" 200 58863 212 
2023-12-15 15:08:19,612 INFO "GET /static/plugins/inputmask/jquery.inputmask.min.js HTTP/1.1" 200 141755 212 
2023-12-15 15:08:19,642 INFO "GET /static/plugins/select2/js/select2.full.min.js HTTP/1.1" 200 79173 212 
2023-12-15 15:08:19,644 INFO "GET /static/plugins/tempusdominus-bootstrap-4/js/tempusdominus-bootstrap-4.min.js HTTP/1.1" 200 61593 212 
2023-12-15 15:08:19,645 INFO "GET /static/js/pages/dashboard.js HTTP/1.1" 200 7626 212 
2023-12-15 15:08:19,648 INFO "GET /static/js/custom.js HTTP/1.1" 200 280 212 
2023-12-15 15:08:19,650 INFO "GET /static/chart.js HTTP/1.1" 200 4420 212 
2023-12-15 15:08:19,651 INFO "GET /static/js/adminlte.js HTTP/1.1" 200 102907 212 
2023-12-15 15:08:19,653 INFO "GET /static/plugins/overlayScrollbars/js/jquery.overlayScrollbars.min.js HTTP/1.1" 200 42614 212 
2023-12-15 15:08:19,656 INFO "GET /static/js/demo.js HTTP/1.1" 200 22926 212 
2023-12-15 15:08:19,660 INFO "GET /static/plugins/summernote/summernote-bs4.min.js HTTP/1.1" 200 151400 212 
2023-12-15 15:08:22,348 INFO "GET /static/img/autonomous_logo.png HTTP/1.1" 200 97935 212 
2023-12-15 15:08:27,389 INFO "GET /chartdata HTTP/1.1" 301 0 212 
2023-12-15 15:08:27,390 INFO "GET /chartdata/ HTTP/1.1" 200 323 212 
2023-12-17 10:03:10,430 INFO Watching for file changes with StatReloader 668 
2023-12-17 10:22:59,916 INFO "GET / HTTP/1.1" 200 24468 212 
2023-12-17 10:23:00,050 INFO "GET /static/chart.js HTTP/1.1" 304 0 212 
2023-12-17 10:23:00,327 INFO - Broken pipe from ('127.0.0.1', 51188) 81 
2023-12-17 10:23:00,511 INFO - Broken pipe from ('127.0.0.1', 51194) 81 
2023-12-17 10:23:00,669 INFO - Broken pipe from ('127.0.0.1', 51191) 81 
2023-12-17 10:23:00,846 INFO - Broken pipe from ('127.0.0.1', 51200) 81 
2023-12-17 10:23:01,023 INFO - Broken pipe from ('127.0.0.1', 51190) 81 
2023-12-17 10:23:01,147 INFO - Broken pipe from ('127.0.0.1', 51201) 81 
2023-12-17 10:23:01,194 INFO - Broken pipe from ('127.0.0.1', 51208) 81 
2023-12-17 10:23:01,295 INFO - Broken pipe from ('127.0.0.1', 51214) 81 
2023-12-17 10:23:01,389 INFO - Broken pipe from ('127.0.0.1', 51207) 81 
2023-12-17 10:23:01,466 INFO - Broken pipe from ('127.0.0.1', 51209) 81 
2023-12-17 10:23:01,553 INFO - Broken pipe from ('127.0.0.1', 51213) 81 
2023-12-17 10:23:01,660 INFO - Broken pipe from ('127.0.0.1', 51206) 81 
2023-12-17 10:23:01,715 INFO - Broken pipe from ('127.0.0.1', 51210) 81 
2023-12-17 10:23:01,779 INFO - Broken pipe from ('127.0.0.1', 51202) 81 
2023-12-17 10:23:01,863 INFO - Broken pipe from ('127.0.0.1', 51212) 81 
2023-12-17 10:23:01,925 INFO - Broken pipe from ('127.0.0.1', 51211) 81 
2023-12-17 10:23:11,435 INFO "GET /chartdata/ HTTP/1.1" 200 323 212 
2023-12-17 10:46:35,874 INFO "GET /owner/ HTTP/1.1" 200 23673 212 
2023-12-17 10:46:35,939 INFO "GET /static/js/custom.js HTTP/1.1" 200 280 212 
2023-12-17 10:47:53,645 INFO C:\django project nbwi\django_full_stack_nbwi\billing\validation.py changed, reloading. 266 
2023-12-17 10:47:54,215 INFO Watching for file changes with StatReloader 668 
2023-12-17 10:48:10,503 INFO C:\django project nbwi\django_full_stack_nbwi\app\messages\globalMessage.py changed, reloading. 266 
2023-12-17 10:48:11,093 INFO Watching for file changes with StatReloader 668 
2023-12-17 10:48:30,734 INFO C:\django project nbwi\django_full_stack_nbwi\app\messages\globalMessage.py changed, reloading. 266 
2023-12-17 10:48:31,293 INFO Watching for file changes with StatReloader 668 
2023-12-17 10:48:34,985 INFO C:\django project nbwi\django_full_stack_nbwi\app\messages\globalMessage.py changed, reloading. 266 
2023-12-17 10:48:35,542 INFO Watching for file changes with StatReloader 668 
2023-12-17 10:48:38,180 INFO C:\django project nbwi\django_full_stack_nbwi\app\messages\globalMessage.py changed, reloading. 266 
2023-12-17 10:48:38,734 INFO Watching for file changes with StatReloader 668 
2023-12-17 10:48:43,486 INFO C:\django project nbwi\django_full_stack_nbwi\app\messages\globalMessage.py changed, reloading. 266 
2023-12-17 10:48:44,044 INFO Watching for file changes with StatReloader 668 
2023-12-17 10:48:46,805 INFO C:\django project nbwi\django_full_stack_nbwi\app\messages\globalMessage.py changed, reloading. 266 
2023-12-17 10:48:47,356 INFO Watching for file changes with StatReloader 668 
2023-12-17 10:49:51,937 INFO C:\django project nbwi\django_full_stack_nbwi\app\messages\globalMessage.py changed, reloading. 266 
2023-12-17 10:49:52,513 INFO Watching for file changes with StatReloader 668 
2023-12-17 10:50:37,091 INFO C:\django project nbwi\django_full_stack_nbwi\app\messages\globalMessage.py changed, reloading. 266 
2023-12-17 10:50:37,648 INFO Watching for file changes with StatReloader 668 
2023-12-17 10:50:46,610 INFO C:\django project nbwi\django_full_stack_nbwi\app\messages\globalMessage.py changed, reloading. 266 
2023-12-17 10:50:47,171 INFO Watching for file changes with StatReloader 668 
2023-12-17 10:51:09,762 INFO C:\django project nbwi\django_full_stack_nbwi\billing\validation.py changed, reloading. 266 
2023-12-17 10:51:10,423 INFO Watching for file changes with StatReloader 668 
2023-12-17 10:51:25,660 INFO C:\django project nbwi\django_full_stack_nbwi\billing\validation.py changed, reloading. 266 
2023-12-17 10:51:26,242 INFO Watching for file changes with StatReloader 668 
2023-12-17 10:51:33,073 INFO C:\django project nbwi\django_full_stack_nbwi\billing\validation.py changed, reloading. 266 
2023-12-17 10:51:33,629 INFO Watching for file changes with StatReloader 668 
2023-12-17 10:51:35,222 INFO C:\django project nbwi\django_full_stack_nbwi\billing\validation.py changed, reloading. 266 
2023-12-17 10:51:35,790 INFO Watching for file changes with StatReloader 668 
2023-12-17 10:51:37,610 INFO C:\django project nbwi\django_full_stack_nbwi\billing\validation.py changed, reloading. 266 
2023-12-17 10:51:38,460 INFO Watching for file changes with StatReloader 668 
2023-12-17 10:52:01,206 INFO C:\django project nbwi\django_full_stack_nbwi\billing\validation.py changed, reloading. 266 
2023-12-17 10:52:05,276 INFO Watching for file changes with StatReloader 668 
2023-12-17 10:52:44,807 INFO C:\django project nbwi\django_full_stack_nbwi\billing\validation.py changed, reloading. 266 
2023-12-17 10:52:45,360 INFO Watching for file changes with StatReloader 668 
2023-12-17 10:52:48,037 INFO C:\django project nbwi\django_full_stack_nbwi\billing\validation.py changed, reloading. 266 
2023-12-17 10:52:48,597 INFO Watching for file changes with StatReloader 668 
2023-12-17 10:52:50,174 INFO C:\django project nbwi\django_full_stack_nbwi\billing\validation.py changed, reloading. 266 
2023-12-17 10:52:50,743 INFO Watching for file changes with StatReloader 668 
2023-12-17 10:52:55,503 INFO C:\django project nbwi\django_full_stack_nbwi\billing\validation.py changed, reloading. 266 
2023-12-17 10:52:56,096 INFO Watching for file changes with StatReloader 668 
2023-12-17 10:53:12,473 INFO C:\django project nbwi\django_full_stack_nbwi\billing\validation.py changed, reloading. 266 
2023-12-17 10:53:13,094 INFO Watching for file changes with StatReloader 668 
2023-12-17 13:49:34,267 INFO "GET /invoice/ HTTP/1.1" 200 57707 212 
2023-12-17 13:49:34,512 INFO - Broken pipe from ('127.0.0.1', 59515) 81 
2023-12-17 13:49:34,544 INFO - Broken pipe from ('127.0.0.1', 59521) 81 
2023-12-17 13:49:37,175 INFO "GET /group/ HTTP/1.1" 200 27256 212 
2023-12-17 13:49:39,316 INFO "GET / HTTP/1.1" 200 24468 212 
2023-12-17 13:49:39,598 INFO "GET /chartdata/ HTTP/1.1" 200 323 212 
2023-12-17 13:51:56,165 INFO C:\django project nbwi\django_full_stack_nbwi\billing\validation.py changed, reloading. 266 
2023-12-17 13:51:57,487 INFO Watching for file changes with StatReloader 668 
2023-12-17 13:52:01,210 INFO C:\django project nbwi\django_full_stack_nbwi\billing\validation.py changed, reloading. 266 
2023-12-17 13:52:01,827 INFO Watching for file changes with StatReloader 668 
2023-12-17 13:52:45,244 INFO C:\django project nbwi\django_full_stack_nbwi\billing\validation.py changed, reloading. 266 
2023-12-17 13:52:45,793 INFO Watching for file changes with StatReloader 668 
2023-12-17 13:53:10,529 INFO C:\django project nbwi\django_full_stack_nbwi\billing\validation.py changed, reloading. 266 
2023-12-17 13:53:11,216 INFO Watching for file changes with StatReloader 668 
2023-12-17 13:53:13,909 INFO C:\django project nbwi\django_full_stack_nbwi\billing\validation.py changed, reloading. 266 
2023-12-17 13:53:14,512 INFO Watching for file changes with StatReloader 668 
